# JRE version: Java(TM) SE Runtime Environment (8.0_45-b15) (build 1.8.0_45-b15)
# Java VM: Java HotSpot(TM) 64-Bit Server VM (25.45-b02 mixed mode windows-amd64 compressed oops)
Heap:
 PSYoungGen      total 38400K, used 13043K [0x00000000d5d00000, 0x00000000d8780000, 0x0000000100000000)
  eden space 33280K, 25% used [0x00000000d5d00000,0x00000000d65359c8,0x00000000d7d80000)
  from space 5120K, 90% used [0x00000000d8280000,0x00000000d8707328,0x00000000d8780000)
  to   space 5120K, 0% used [0x00000000d7d80000,0x00000000d7d80000,0x00000000d8280000)
 ParOldGen       total 87552K, used 4120K [0x0000000081600000, 0x0000000086b80000, 0x00000000d5d00000)
  object space 87552K, 4% used [0x0000000081600000,0x0000000081a06020,0x0000000086b80000)
 Metaspace       used 18073K, capacity 18770K, committed 19072K, reserved 1064960K
  class space    used 2414K, capacity 2594K, committed 2688K, reserved 1048576K
GC Heap History (4 events):
Event: 6.566 GC heap before
{Heap before GC invocations=1 (full 0):
 PSYoungGen      total 38400K, used 33280K [0x00000000d5d00000, 0x00000000d8780000, 0x0000000100000000)
  eden space 33280K, 100% used [0x00000000d5d00000,0x00000000d7d80000,0x00000000d7d80000)
  from space 5120K, 0% used [0x00000000d8280000,0x00000000d8280000,0x00000000d8780000)
  to   space 5120K, 0% used [0x00000000d7d80000,0x00000000d7d80000,0x00000000d8280000)
 ParOldGen       total 87552K, used 0K [0x0000000081600000, 0x0000000086b80000, 0x00000000d5d00000)
  object space 87552K, 0% used [0x0000000081600000,0x0000000081600000,0x0000000086b80000)
 Metaspace       used 8468K, capacity 8764K, committed 8832K, reserved 1056768K
  class space    used 1037K, capacity 1144K, committed 1152K, reserved 1048576K
Event: 6.569 GC heap after
Heap after GC invocations=1 (full 0):
 PSYoungGen      total 38400K, used 2998K [0x00000000d5d00000, 0x00000000d8780000, 0x0000000100000000)
  eden space 33280K, 0% used [0x00000000d5d00000,0x00000000d5d00000,0x00000000d7d80000)
  from space 5120K, 58% used [0x00000000d7d80000,0x00000000d806d828,0x00000000d8280000)
  to   space 5120K, 0% used [0x00000000d8280000,0x00000000d8280000,0x00000000d8780000)
 ParOldGen       total 87552K, used 16K [0x0000000081600000, 0x0000000086b80000, 0x00000000d5d00000)
  object space 87552K, 0% used [0x0000000081600000,0x0000000081604000,0x0000000086b80000)
 Metaspace       used 8468K, capacity 8764K, committed 8832K, reserved 1056768K
  class space    used 1037K, capacity 1144K, committed 1152K, reserved 1048576K
}
Event: 4223.710 GC heap before
{Heap before GC invocations=2 (full 0):
 PSYoungGen      total 38400K, used 36278K [0x00000000d5d00000, 0x00000000d8780000, 0x0000000100000000)
  eden space 33280K, 100% used [0x00000000d5d00000,0x00000000d7d80000,0x00000000d7d80000)
  from space 5120K, 58% used [0x00000000d7d80000,0x00000000d806d828,0x00000000d8280000)
  to   space 5120K, 0% used [0x00000000d8280000,0x00000000d8280000,0x00000000d8780000)
 ParOldGen       total 87552K, used 16K [0x0000000081600000, 0x0000000086b80000, 0x00000000d5d00000)
  object space 87552K, 0% used [0x0000000081600000,0x0000000081604000,0x0000000086b80000)
 Metaspace       used 17890K, capacity 18616K, committed 18816K, reserved 1064960K
  class space    used 2410K, capacity 2591K, committed 2688K, reserved 1048576K
Event: 4223.743 GC heap after
Heap after GC invocations=2 (full 0):
 PSYoungGen      total 38400K, used 4636K [0x00000000d5d00000, 0x00000000d8780000, 0x0000000100000000)
  eden space 33280K, 0% used [0x00000000d5d00000,0x00000000d5d00000,0x00000000d7d80000)
  from space 5120K, 90% used [0x00000000d8280000,0x00000000d8707328,0x00000000d8780000)
  to   space 5120K, 0% used [0x00000000d7d80000,0x00000000d7d80000,0x00000000d8280000)
 ParOldGen       total 87552K, used 4120K [0x0000000081600000, 0x0000000086b80000, 0x00000000d5d00000)
  object space 87552K, 4% used [0x0000000081600000,0x0000000081a06020,0x0000000086b80000)
 Metaspace       used 17890K, capacity 18616K, committed 18816K, reserved 1064960K
  class space    used 2410K, capacity 2591K, committed 2688K, reserved 1048576K
}

